<?xml version="1.0" encoding="UTF-8"?>
<!-- Generated by org.testng.reporters.JUnitReportReporter -->
<testsuite hostname="Amrit" failures="0" tests="2" name="TC_DemowebShop_001.TC_DWS_006" time="214.101" errors="1" timestamp="2024-01-23T12:01:37 IST" skipped="1">
  <testcase classname="TC_DemowebShop_001.TC_DWS_006" name="toLogin" time="214.101">
    <error message="java.util.concurrent.TimeoutException
Build info: version: &#039;4.12.1&#039;, revision: &#039;8e34639b11&#039;
System info: os.name: &#039;Windows 11&#039;, os.arch: &#039;amd64&#039;, os.version: &#039;10.0&#039;, java.version: &#039;20.0.2&#039;
Driver info: org.openqa.selenium.chrome.ChromeDriver
Command: [e41a8d1dab4616e83fbaeda45cbb85a3, clickElement {id=F69FC989B6A75A16BC794628AB3D1576_element_16}]
Capabilities {acceptInsecureCerts: false, browserName: chrome, browserVersion: 120.0.6099.225, chrome: {chromedriverVersion: 120.0.6099.109 (3419140ab66..., userDataDir: C:\Users\91773\AppData\Loca...}, fedcm:accounts: true, goog:chromeOptions: {debuggerAddress: localhost:62970}, networkConnectionEnabled: false, pageLoadStrategy: normal, platformName: windows, proxy: Proxy(), se:cdp: ws://localhost:62970/devtoo..., se:cdpVersion: 120.0.6099.225, setWindowRect: true, strictFileInteractability: false, timeouts: {implicit: 0, pageLoad: 300000, script: 30000}, unhandledPromptBehavior: dismiss and notify, webauthn:extension:credBlob: true, webauthn:extension:largeBlob: true, webauthn:extension:minPinLength: true, webauthn:extension:prf: true, webauthn:virtualAuthenticators: true}
Element: [[ChromeDriver: chrome on windows (e41a8d1dab4616e83fbaeda45cbb85a3)] -&gt; link text: Log in]
Session ID: e41a8d1dab4616e83fbaeda45cbb85a3" type="org.openqa.selenium.TimeoutException">
      <![CDATA[org.openqa.selenium.TimeoutException: java.util.concurrent.TimeoutException
Build info: version: '4.12.1', revision: '8e34639b11'
System info: os.name: 'Windows 11', os.arch: 'amd64', os.version: '10.0', java.version: '20.0.2'
Driver info: org.openqa.selenium.chrome.ChromeDriver
Command: [e41a8d1dab4616e83fbaeda45cbb85a3, clickElement {id=F69FC989B6A75A16BC794628AB3D1576_element_16}]
Capabilities {acceptInsecureCerts: false, browserName: chrome, browserVersion: 120.0.6099.225, chrome: {chromedriverVersion: 120.0.6099.109 (3419140ab66..., userDataDir: C:\Users\91773\AppData\Loca...}, fedcm:accounts: true, goog:chromeOptions: {debuggerAddress: localhost:62970}, networkConnectionEnabled: false, pageLoadStrategy: normal, platformName: windows, proxy: Proxy(), se:cdp: ws://localhost:62970/devtoo..., se:cdpVersion: 120.0.6099.225, setWindowRect: true, strictFileInteractability: false, timeouts: {implicit: 0, pageLoad: 300000, script: 30000}, unhandledPromptBehavior: dismiss and notify, webauthn:extension:credBlob: true, webauthn:extension:largeBlob: true, webauthn:extension:minPinLength: true, webauthn:extension:prf: true, webauthn:virtualAuthenticators: true}
Element: [[ChromeDriver: chrome on windows (e41a8d1dab4616e83fbaeda45cbb85a3)] -> link text: Log in]
Session ID: e41a8d1dab4616e83fbaeda45cbb85a3
at org.openqa.selenium.remote.http.netty.NettyHttpHandler.makeCall(NettyHttpHandler.java:65)
at org.openqa.selenium.remote.http.AddSeleniumUserAgent.lambda$apply$0(AddSeleniumUserAgent.java:42)
at org.openqa.selenium.remote.http.Filter.lambda$andFinally$1(Filter.java:55)
at org.openqa.selenium.remote.http.netty.NettyHttpHandler.execute(NettyHttpHandler.java:48)
at org.openqa.selenium.remote.http.netty.NettyClient.execute(NettyClient.java:96)
at org.openqa.selenium.remote.HttpCommandExecutor.execute(HttpCommandExecutor.java:188)
at org.openqa.selenium.remote.service.DriverCommandExecutor.invokeExecute(DriverCommandExecutor.java:196)
at org.openqa.selenium.remote.service.DriverCommandExecutor.execute(DriverCommandExecutor.java:171)
at org.openqa.selenium.remote.RemoteWebDriver.execute(RemoteWebDriver.java:602)
at org.openqa.selenium.remote.RemoteWebElement.execute(RemoteWebElement.java:224)
at org.openqa.selenium.remote.RemoteWebElement.click(RemoteWebElement.java:77)
at TC_DemowebShop_001.BaseClass.toLogin(BaseClass.java:44)
at java.base/jdk.internal.reflect.DirectMethodHandleAccessor.invoke(DirectMethodHandleAccessor.java:104)
at java.base/java.lang.reflect.Method.invoke(Method.java:578)
at org.testng.internal.invokers.MethodInvocationHelper.invokeMethod(MethodInvocationHelper.java:139)
at org.testng.internal.invokers.MethodInvocationHelper.invokeMethodConsideringTimeout(MethodInvocationHelper.java:69)
at org.testng.internal.invokers.ConfigInvoker.invokeConfigurationMethod(ConfigInvoker.java:393)
at org.testng.internal.invokers.ConfigInvoker.invokeConfigurations(ConfigInvoker.java:326)
at org.testng.internal.invokers.TestInvoker.runConfigMethods(TestInvoker.java:810)
at org.testng.internal.invokers.TestInvoker.invokeMethod(TestInvoker.java:578)
at org.testng.internal.invokers.TestInvoker.invokeTestMethod(TestInvoker.java:228)
at org.testng.internal.invokers.MethodRunner.runInSequence(MethodRunner.java:63)
at org.testng.internal.invokers.TestInvoker$MethodInvocationAgent.invoke(TestInvoker.java:961)
at org.testng.internal.invokers.TestInvoker.invokeTestMethods(TestInvoker.java:201)
at org.testng.internal.invokers.TestMethodWorker.invokeTestMethods(TestMethodWorker.java:148)
at org.testng.internal.invokers.TestMethodWorker.run(TestMethodWorker.java:128)
at java.base/java.util.ArrayList.forEach(ArrayList.java:1511)
at org.testng.TestRunner.privateRun(TestRunner.java:819)
at org.testng.TestRunner.run(TestRunner.java:619)
at org.testng.SuiteRunner.runTest(SuiteRunner.java:443)
at org.testng.SuiteRunner.runSequentially(SuiteRunner.java:437)
at org.testng.SuiteRunner.privateRun(SuiteRunner.java:397)
at org.testng.SuiteRunner.run(SuiteRunner.java:336)
at org.testng.SuiteRunnerWorker.runSuite(SuiteRunnerWorker.java:52)
at org.testng.SuiteRunnerWorker.run(SuiteRunnerWorker.java:95)
at org.testng.TestNG.runSuitesSequentially(TestNG.java:1301)
at org.testng.TestNG.runSuitesLocally(TestNG.java:1228)
at org.testng.TestNG.runSuites(TestNG.java:1134)
at org.testng.TestNG.run(TestNG.java:1101)
at org.testng.remote.AbstractRemoteTestNG.run(AbstractRemoteTestNG.java:115)
at org.testng.remote.RemoteTestNG.initAndRun(RemoteTestNG.java:251)
at org.testng.remote.RemoteTestNG.main(RemoteTestNG.java:77)
Caused by: java.util.concurrent.TimeoutException
at java.base/java.util.concurrent.CompletableFuture.timedGet(CompletableFuture.java:1960)
at java.base/java.util.concurrent.CompletableFuture.get(CompletableFuture.java:2095)
at org.asynchttpclient.netty.NettyResponseFuture.get(NettyResponseFuture.java:206)
at org.openqa.selenium.remote.http.netty.NettyHttpHandler.makeCall(NettyHttpHandler.java:59)
... 41 more
]]>
    </error>
    <system-out>
      <![CDATA[Navigate To demowebshop Successfully]]>
    </system-out>
  </testcase> <!-- toLogin -->
  <testcase classname="TC_DemowebShop_001.TC_DWS_006" name="toCheckJawelryPage" time="0.000">
    <skipped/>
  </testcase> <!-- toCheckJawelryPage -->
  <system-out>
    <![CDATA[Browser got Launched successfully
Browser got Maximized successfully
Browser got Launched successfully
Browser got Maximized successfully
Navigate To demowebshop Successfully
Navigated to Homepage Succesfully
navigate to Digital downloads page successfully
TestCase 005 got executed sucessfully
Successfully logged out
Browser got closed Successfully
Browser got Launched successfully
Browser got Maximized successfully
Navigate To demowebshop Successfully
Browser got Launched successfully
Browser got Maximized successfully
Navigate To demowebshop Successfully
Navigated to Homepage Succesfully
navigate to Gift Cards page successfully
TestCase 007 got executed sucessfully
Successfully logged out
Browser got closed Successfully
Browser got Launched successfully
Browser got Maximized successfully
Navigate To demowebshop Successfully
Navigated to Homepage Succesfully
navigated to Books page Successfully
TaseCase 001 Executed successfully
Successfully logged out
Browser got closed Successfully
Browser got Launched successfully
Browser got Maximized successfully
Navigate To demowebshop Successfully
Navigated to Homepage Succesfully
Navigate to computers page Successfully
TestCase 002 Executed successfully 
Successfully logged out
Browser got closed Successfully
Browser got Launched successfully
Browser got Maximized successfully
Navigate To demowebshop Successfully
Navigated to Homepage Succesfully
navigate to Electronics page successfully
TestCase 003 got executed sucessfully
Successfully logged out
Browser got closed Successfully
Browser got Launched successfully
Browser got Maximized successfully
Navigate To demowebshop Successfully
Navigated to Homepage Succesfully
navigate wishlist page successfully
TestCase 010 got executed sucessfully
Successfully logged out
Browser got closed Successfully
Browser got Launched successfully
Browser got Maximized successfully
Navigate To demowebshop Successfully
Navigated to Homepage Succesfully
navigate to Tricentis page successfully
TestCase 008 got executed sucessfully
Successfully logged out
Browser got closed Successfully
Browser got Launched successfully
Browser got Maximized successfully
Navigate To demowebshop Successfully
Navigated to Homepage Succesfully
navigate to Shopping cart page successfully
TestCase 009 got executed sucessfully
Successfully logged out
Browser got closed Successfully]]>
  </system-out>
</testsuite> <!-- TC_DemowebShop_001.TC_DWS_006 -->
